2022/09/20 16:26:25 [error] 6752#11808: *4 CreateFile() "C:/Projects/sample/assets/img/favicon.png" failed (2: The system cannot find the file specified), client: 127.0.0.1, server: localhost, request: "GET /assets/img/favicon.png HTTP/1.1", host: "localhost:3003", referrer: "http://localhost:3003/"
2022/10/03 13:15:54 [error] 10160#5280: *426 access forbidden by rule, client: 127.0.0.1, server: localhost, request: "GET /services/index HTTP/1.1", host: "localhost:3003", referrer: "http://localhost:3003/about/index"
2022/10/03 13:29:14 [error] 10160#5280: *679 access forbidden by rule, client: 127.0.0.1, server: localhost, request: "GET /services/index HTTP/1.1", host: "localhost:3003", referrer: "http://localhost:3003/about/index"
2022/10/03 13:32:07 [error] 10160#5280: *692 access forbidden by rule, client: 127.0.0.1, server: localhost, request: "GET /services/index HTTP/1.1", host: "localhost:3003", referrer: "http://localhost:3003/about/index"
2022/10/03 13:32:08 [error] 10160#5280: *692 access forbidden by rule, client: 127.0.0.1, server: localhost, request: "GET /services/index HTTP/1.1", host: "localhost:3003", referrer: "http://localhost:3003/about/index"
2022/10/03 13:32:10 [error] 10160#5280: *693 access forbidden by rule, client: 127.0.0.1, server: localhost, request: "GET /services/index HTTP/1.1", host: "localhost:3003", referrer: "http://localhost:3003/about/index"
2022/10/03 13:32:49 [error] 10160#5280: *706 access forbidden by rule, client: 127.0.0.1, server: localhost, request: "GET /services/index HTTP/1.1", host: "localhost:3003", referrer: "http://localhost:3003/about/index"
2022/10/03 13:32:57 [error] 10160#5280: *706 access forbidden by rule, client: 127.0.0.1, server: localhost, request: "GET /services/index HTTP/1.1", host: "localhost:3003", referrer: "http://localhost:3003/portfolio/index"
2022/10/03 13:34:28 [error] 10160#5280: *757 access forbidden by rule, client: 127.0.0.1, server: localhost, request: "GET /services/index HTTP/1.1", host: "localhost:3003", referrer: "http://localhost:3003/portfolio/index"
2022/10/03 13:38:44 [error] 10160#5280: *803 access forbidden by rule, client: 127.0.0.1, server: localhost, request: "GET /services/index HTTP/1.1", host: "localhost:3003", referrer: "http://localhost:3003/index/index"
2022/10/03 13:39:25 [error] 10160#5280: *823 access forbidden by rule, client: 127.0.0.1, server: localhost, request: "GET /services/index HTTP/1.1", host: "localhost:3003", referrer: "http://localhost:3003/about/index"
2022/10/03 13:39:56 [error] 10160#5280: *823 access forbidden by rule, client: 127.0.0.1, server: localhost, request: "GET /services/index HTTP/1.1", host: "localhost:3003", referrer: "http://localhost:3003/contact/index"
2022/10/03 13:39:58 [error] 10160#5280: *814 access forbidden by rule, client: 127.0.0.1, server: localhost, request: "GET /services/index HTTP/1.1", host: "localhost:3003", referrer: "http://localhost:3003/contact/index"
2022/10/03 13:40:55 [error] 10160#5280: *814 access forbidden by rule, client: 127.0.0.1, server: localhost, request: "GET /services/index HTTP/1.1", host: "localhost:3003", referrer: "http://localhost:3003/contact/index"
2022/10/03 13:47:42 [error] 10160#5280: *961 access forbidden by rule, client: 127.0.0.1, server: localhost, request: "GET /services/index HTTP/1.1", host: "localhost:3003", referrer: "http://localhost:3003/contact/index"
2022/10/03 13:47:44 [error] 10160#5280: *961 access forbidden by rule, client: 127.0.0.1, server: localhost, request: "GET /services/index HTTP/1.1", host: "localhost:3003", referrer: "http://localhost:3003/contact/index"
2022/10/03 13:48:02 [error] 10160#5280: *961 access forbidden by rule, client: 127.0.0.1, server: localhost, request: "GET /services/index HTTP/1.1", host: "localhost:3003", referrer: "http://localhost:3003/contact/index"
2022/10/03 13:54:22 [error] 10160#5280: *975 access forbidden by rule, client: 127.0.0.1, server: localhost, request: "GET /services/ HTTP/1.1", host: "localhost:3003"
2022/10/03 14:31:37 [error] 10160#5280: *1113 CreateFile() "C:/Projects/sample/assets/vendor/swiper/swiper-bundle.min.js.map" failed (2: The system cannot find the file specified), client: 127.0.0.1, server: localhost, request: "GET /assets/vendor/swiper/swiper-bundle.min.js.map HTTP/1.1", host: "localhost:3003"
2022/10/03 14:33:50 [error] 10160#5280: *1119 CreateFile() "C:/Projects/sample/assets/vendor/swiper/swiper-bundle.min.js.map" failed (2: The system cannot find the file specified), client: 127.0.0.1, server: localhost, request: "GET /assets/vendor/swiper/swiper-bundle.min.js.map HTTP/1.1", host: "localhost:3003"
2022/10/03 14:34:16 [error] 10160#5280: *1121 CreateFile() "C:/Projects/sample/assets/vendor/swiper/swiper-bundle.min.js.map" failed (2: The system cannot find the file specified), client: 127.0.0.1, server: localhost, request: "GET /assets/vendor/swiper/swiper-bundle.min.js.map HTTP/1.1", host: "localhost:3003"
2022/10/03 14:34:19 [error] 10160#5280: *1127 CreateFile() "C:/Projects/sample/assets/vendor/swiper/swiper-bundle.min.js.map" failed (2: The system cannot find the file specified), client: 127.0.0.1, server: localhost, request: "GET /assets/vendor/swiper/swiper-bundle.min.js.map HTTP/1.1", host: "localhost:3003"
2022/10/03 14:34:25 [error] 10160#5280: *1127 CreateFile() "C:/Projects/sample/assets/vendor/swiper/swiper-bundle.min.js.map" failed (2: The system cannot find the file specified), client: 127.0.0.1, server: localhost, request: "GET /assets/vendor/swiper/swiper-bundle.min.js.map HTTP/1.1", host: "localhost:3003"
2022/10/03 14:35:38 [error] 10160#5280: *1131 CreateFile() "C:/Projects/sample/assets/vendor/swiper/swiper-bundle.min.js.map" failed (2: The system cannot find the file specified), client: 127.0.0.1, server: localhost, request: "GET /assets/vendor/swiper/swiper-bundle.min.js.map HTTP/1.1", host: "localhost:3003"
2022/10/03 14:39:35 [error] 10160#5280: *1142 CreateFile() "C:/Projects/sample/assets/vendor/swiper/swiper-bundle.min.js.map" failed (2: The system cannot find the file specified), client: 127.0.0.1, server: localhost, request: "GET /assets/vendor/swiper/swiper-bundle.min.js.map HTTP/1.1", host: "localhost:3003"
2022/10/03 14:39:39 [error] 10160#5280: *1142 CreateFile() "C:/Projects/sample/assets/vendor/swiper/swiper-bundle.min.js.map" failed (2: The system cannot find the file specified), client: 127.0.0.1, server: localhost, request: "GET /assets/vendor/swiper/swiper-bundle.min.js.map HTTP/1.1", host: "localhost:3003"
2022/10/03 14:40:34 [error] 10160#5280: *1142 CreateFile() "C:/Projects/sample/assets/vendor/swiper/swiper-bundle.min.js.map" failed (2: The system cannot find the file specified), client: 127.0.0.1, server: localhost, request: "GET /assets/vendor/swiper/swiper-bundle.min.js.map HTTP/1.1", host: "localhost:3003"
2022/10/03 14:42:03 [notice] 6512#10648: signal process started
2022/10/05 15:55:42 [error] 16152#14840: *18 FastCGI sent in stderr: "PHP Parse error:  syntax error, unexpected end of file, expecting function (T_FUNCTION) or const (T_CONST) in C:\Projects\sample\public\contact\index.php on line 10" while reading response header from upstream, client: 127.0.0.1, server: localhost, request: "POST /contact HTTP/1.1", upstream: "fastcgi://127.0.0.1:9123", host: "localhost:3003", referrer: "http://localhost:3003/contact"
2022/10/05 15:55:50 [error] 16152#14840: *18 FastCGI sent in stderr: "PHP Parse error:  syntax error, unexpected end of file, expecting function (T_FUNCTION) or const (T_CONST) in C:\Projects\sample\public\contact\index.php on line 10" while reading response header from upstream, client: 127.0.0.1, server: localhost, request: "POST /contact HTTP/1.1", upstream: "fastcgi://127.0.0.1:9123", host: "localhost:3003", referrer: "http://localhost:3003/contact"
2022/10/05 15:55:52 [error] 16152#14840: *18 FastCGI sent in stderr: "PHP Parse error:  syntax error, unexpected end of file, expecting function (T_FUNCTION) or const (T_CONST) in C:\Projects\sample\public\contact\index.php on line 10" while reading response header from upstream, client: 127.0.0.1, server: localhost, request: "GET /contact HTTP/1.1", upstream: "fastcgi://127.0.0.1:9123", host: "localhost:3003", referrer: "http://localhost:3003/index"
2022/10/05 15:55:54 [error] 16152#14840: *18 FastCGI sent in stderr: "PHP Parse error:  syntax error, unexpected end of file, expecting function (T_FUNCTION) or const (T_CONST) in C:\Projects\sample\public\contact\index.php on line 10" while reading response header from upstream, client: 127.0.0.1, server: localhost, request: "GET /contact HTTP/1.1", upstream: "fastcgi://127.0.0.1:9123", host: "localhost:3003", referrer: "http://localhost:3003/index"
2022/10/05 17:49:35 [error] 16152#14840: *205 connect() failed (10061: No connection could be made because the target machine actively refused it) while connecting to upstream, client: 127.0.0.1, server: localhost, request: "GET /favicon.ico HTTP/1.1", upstream: "fastcgi://127.0.0.1:9123", host: "localhost:3003"
2022/10/10 14:19:52 [error] 3796#10748: *85 FastCGI sent in stderr: "PHP Parse error:  syntax error, unexpected 'Utils' (T_STRING), expecting function (T_FUNCTION) or const (T_CONST) in C:\Projects\sample\public\contact\index.php on line 42" while reading response header from upstream, client: 127.0.0.1, server: localhost, request: "POST /contact HTTP/1.1", upstream: "fastcgi://127.0.0.1:9123", host: "localhost:3003", referrer: "http://localhost:3003/contact"
2022/10/10 14:25:50 [error] 3796#10748: *90 FastCGI sent in stderr: "PHP Parse error:  syntax error, unexpected end of file, expecting function (T_FUNCTION) or const (T_CONST) in C:\Projects\sample\public\contact\index.php on line 52" while reading response header from upstream, client: 127.0.0.1, server: localhost, request: "POST /contact HTTP/1.1", upstream: "fastcgi://127.0.0.1:9123", host: "localhost:3003", referrer: "http://localhost:3003/contact"
2022/10/10 14:25:52 [error] 3796#10748: *90 FastCGI sent in stderr: "PHP Parse error:  syntax error, unexpected end of file, expecting function (T_FUNCTION) or const (T_CONST) in C:\Projects\sample\public\contact\index.php on line 52" while reading response header from upstream, client: 127.0.0.1, server: localhost, request: "GET /contact HTTP/1.1", upstream: "fastcgi://127.0.0.1:9123", host: "localhost:3003", referrer: "http://localhost:3003/"
2022/10/10 14:30:17 [error] 3796#10748: *96 FastCGI sent in stderr: "PHP Parse error:  syntax error, unexpected '->' (T_OBJECT_OPERATOR) in C:\Projects\sample\public\contact\index.php on line 50" while reading response header from upstream, client: 127.0.0.1, server: localhost, request: "POST /contact HTTP/1.1", upstream: "fastcgi://127.0.0.1:9123", host: "localhost:3003", referrer: "http://localhost:3003/contact"
2022/10/10 14:30:19 [error] 3796#10748: *96 FastCGI sent in stderr: "PHP Parse error:  syntax error, unexpected '->' (T_OBJECT_OPERATOR) in C:\Projects\sample\public\contact\index.php on line 50" while reading response header from upstream, client: 127.0.0.1, server: localhost, request: "GET /contact HTTP/1.1", upstream: "fastcgi://127.0.0.1:9123", host: "localhost:3003", referrer: "http://localhost:3003/"
2022/10/10 14:30:31 [error] 3796#10748: *96 FastCGI sent in stderr: "PHP Parse error:  syntax error, unexpected '->' (T_OBJECT_OPERATOR) in C:\Projects\sample\public\contact\index.php on line 50" while reading response header from upstream, client: 127.0.0.1, server: localhost, request: "GET /contact HTTP/1.1", upstream: "fastcgi://127.0.0.1:9123", host: "localhost:3003", referrer: "http://localhost:3003/"
2022/10/10 14:30:53 [error] 3796#10748: *96 FastCGI sent in stderr: "PHP Parse error:  syntax error, unexpected end of file, expecting function (T_FUNCTION) or const (T_CONST) in C:\Projects\sample\public\contact\index.php on line 53" while reading response header from upstream, client: 127.0.0.1, server: localhost, request: "GET /contact HTTP/1.1", upstream: "fastcgi://127.0.0.1:9123", host: "localhost:3003", referrer: "http://localhost:3003/"
2022/10/10 14:31:23 [error] 3796#10748: *96 FastCGI sent in stderr: "PHP Parse error:  syntax error, unexpected '->' (T_OBJECT_OPERATOR) in C:\Projects\sample\public\contact\index.php on line 50" while reading response header from upstream, client: 127.0.0.1, server: localhost, request: "GET /contact HTTP/1.1", upstream: "fastcgi://127.0.0.1:9123", host: "localhost:3003", referrer: "http://localhost:3003/"
2022/10/10 14:31:24 [error] 3796#10748: *96 FastCGI sent in stderr: "PHP Parse error:  syntax error, unexpected '->' (T_OBJECT_OPERATOR) in C:\Projects\sample\public\contact\index.php on line 50" while reading response header from upstream, client: 127.0.0.1, server: localhost, request: "GET /contact HTTP/1.1", upstream: "fastcgi://127.0.0.1:9123", host: "localhost:3003", referrer: "http://localhost:3003/"
2022/10/10 14:31:25 [error] 3796#10748: *96 FastCGI sent in stderr: "PHP Parse error:  syntax error, unexpected '->' (T_OBJECT_OPERATOR) in C:\Projects\sample\public\contact\index.php on line 50" while reading response header from upstream, client: 127.0.0.1, server: localhost, request: "GET /contact HTTP/1.1", upstream: "fastcgi://127.0.0.1:9123", host: "localhost:3003", referrer: "http://localhost:3003/"
2022/10/10 14:31:30 [error] 3796#10748: *96 FastCGI sent in stderr: "PHP Parse error:  syntax error, unexpected '->' (T_OBJECT_OPERATOR) in C:\Projects\sample\public\contact\index.php on line 50" while reading response header from upstream, client: 127.0.0.1, server: localhost, request: "GET /contact HTTP/1.1", upstream: "fastcgi://127.0.0.1:9123", host: "localhost:3003", referrer: "http://localhost:3003/"
2022/10/10 15:04:07 [error] 3796#10748: *194 CreateFile() "C:/Projects/sample/assets/vendor/swiper/swiper-bundle.min.js.map" failed (2: The system cannot find the file specified), client: 127.0.0.1, server: localhost, request: "GET /assets/vendor/swiper/swiper-bundle.min.js.map HTTP/1.1", host: "localhost:3003"
2022/10/10 15:12:29 [error] 3796#10748: *208 connect() failed (10061: No connection could be made because the target machine actively refused it) while connecting to upstream, client: 127.0.0.1, server: localhost, request: "GET /favicon.ico HTTP/1.1", upstream: "fastcgi://127.0.0.1:9123", host: "localhost:3003"
2022/10/12 15:11:37 [error] 10392#7712: *6 connect() failed (10061: No connection could be made because the target machine actively refused it) while connecting to upstream, client: 127.0.0.1, server: localhost, request: "GET /contact HTTP/1.1", upstream: "fastcgi://127.0.0.1:9123", host: "localhost:3003", referrer: "http://localhost:3003/contact"
2022/10/12 15:11:40 [error] 10392#7712: *6 connect() failed (10061: No connection could be made because the target machine actively refused it) while connecting to upstream, client: 127.0.0.1, server: localhost, request: "GET /favicon.ico HTTP/1.1", upstream: "fastcgi://127.0.0.1:9123", host: "localhost:3003", referrer: "http://localhost:3003/contact"
2022/10/12 15:11:51 [error] 10392#7712: *6 CreateFile() "C:/Projects/sample/assets/vendor/swiper/swiper-bundle.min.js.map" failed (2: The system cannot find the file specified), client: 127.0.0.1, server: localhost, request: "GET /assets/vendor/swiper/swiper-bundle.min.js.map HTTP/1.1", host: "localhost:3003"
2022/10/12 15:15:10 [error] 10392#7712: *25 CreateFile() "C:/Projects/sample/assets/vendor/swiper/swiper-bundle.min.js.map" failed (2: The system cannot find the file specified), client: 127.0.0.1, server: localhost, request: "GET /assets/vendor/swiper/swiper-bundle.min.js.map HTTP/1.1", host: "localhost:3003"
2022/10/12 15:16:25 [error] 10392#7712: *33 CreateFile() "C:/Projects/sample/assets/vendor/swiper/swiper-bundle.min.js.map" failed (2: The system cannot find the file specified), client: 127.0.0.1, server: localhost, request: "GET /assets/vendor/swiper/swiper-bundle.min.js.map HTTP/1.1", host: "localhost:3003"
2022/10/12 15:38:29 [error] 10392#7712: *61 FastCGI sent in stderr: "PHP Parse error:  syntax error, unexpected ':', expecting ')' in C:\Projects\sample\public\contact\index.php on line 46" while reading response header from upstream, client: 127.0.0.1, server: localhost, request: "POST /contact HTTP/1.1", upstream: "fastcgi://127.0.0.1:9123", host: "localhost:3003", referrer: "http://localhost:3003/contact"
2022/10/12 15:38:33 [error] 10392#7712: *61 FastCGI sent in stderr: "PHP Parse error:  syntax error, unexpected ':', expecting ')' in C:\Projects\sample\public\contact\index.php on line 46" while reading response header from upstream, client: 127.0.0.1, server: localhost, request: "GET /contact HTTP/1.1", upstream: "fastcgi://127.0.0.1:9123", host: "localhost:3003", referrer: "http://localhost:3003/contact"
2022/10/12 15:46:11 [error] 10392#7712: *97 FastCGI sent in stderr: "PHP Fatal error:  Uncaught Error: Call to a member function query() on null in C:\Projects\sample\public\contact\index.php:51
Stack trace:
#0 C:\Projects\sample\classes\Facade.php(168): Contact_Index_View->SendForm(Object(Facade), Array)
#1 C:\Projects\sample\classes\Facade.php(196): FacadeView->ProcessRequestAction(Object(Facade), Array, 'Render')
#2 C:\Projects\sample\classes\Facade.php(119): FacadeView->Execute(Object(Facade), Array)
#3 C:\Projects\sample\classes\Facade.php(24): Facade->doExecute('contact', Array, 'Execute')
#4 C:\Projects\sample\classes\Facade.php(16): Facade::Execute('contact', Array, 'C:\\Projects\\sam...', 'http://localhos...')
#5 C:\Projects\sample\index.php(10): Facade::Run('contact', Array, 'C:\\Projects\\sam...', 'http://localhos...')
#6 {main}
  thrown in C:\Projects\sample\public\contact\index.php on line 51
PHP Fatal error:  Uncaught Exception: Fatal error: Uncaught Error: Call to a member function query() on null in C:\Projects\sample\public\contact\index.php:51
Stack trace:
#0 C:\Projects\sample\classes\Facade.php(168): Contact_Index_View->SendForm(Object(Facade), Array)
#1 C:\Projects\sample\classes\Facade.php(196): FacadeView->ProcessRequestAction(Object(Facade), Array, 'Render')
#2 C:\Projects\sample\classes\Facade.php(119): FacadeView->Execute(Object(Facade), Array)
#3 C:\Projects\sample\classes\Facade.php(24): Facade->doExecute('contact', Array, 'Execute')
#4 C:\Projects\sample\classes\Facade.php(16): Facade::Execute('contact', Array, 'C:\\Projects\\sam...', 'http://localhos...')
#5 C:\Projects\sample\index.php(10): Facade::Run('contact', Array, 'C:\\Projects\\sam...', 'http://localhos...')
#6 {main}
  thrown in /public/contact/index.php on line 51. in C:\Projects\sample\core.php:85
Stack trace:
#0 C:\Projects\sample\core.php(100): gErrorHandler(1, 'Uncaught Error:...', '/public/contact...', 51)
#1 [internal function]: gEr in C:\Projects\sample\core.php on line 85" while reading response header from upstre
2022/10/12 15:50:06 [error] 10392#7712: *113 FastCGI sent in stderr: "PHP Parse error:  syntax error, unexpected '=' in C:\Projects\sample\public\contact\index.php on line 52" while reading response header from upstream, client: 127.0.0.1, server: localhost, request: "GET /contact HTTP/1.1", upstream: "fastcgi://127.0.0.1:9123", host: "localhost:3003", referrer: "http://localhost:3003/contact"
2022/10/12 15:50:27 [error] 10392#7712: *113 FastCGI sent in stderr: "PHP Fatal error:  Uncaught Error: Call to a member function query() on null in C:\Projects\sample\public\contact\index.php:51
Stack trace:
#0 C:\Projects\sample\classes\Facade.php(168): Contact_Index_View->SendForm(Object(Facade), Array)
#1 C:\Projects\sample\classes\Facade.php(196): FacadeView->ProcessRequestAction(Object(Facade), Array, 'Render')
#2 C:\Projects\sample\classes\Facade.php(119): FacadeView->Execute(Object(Facade), Array)
#3 C:\Projects\sample\classes\Facade.php(24): Facade->doExecute('contact', Array, 'Execute')
#4 C:\Projects\sample\classes\Facade.php(16): Facade::Execute('contact', Array, 'C:\\Projects\\sam...', 'http://localhos...')
#5 C:\Projects\sample\index.php(10): Facade::Run('contact', Array, 'C:\\Projects\\sam...', 'http://localhos...')
#6 {main}
  thrown in C:\Projects\sample\public\contact\index.php on line 51
PHP Fatal error:  Uncaught Exception: Fatal error: Uncaught Error: Call to a member function query() on null in C:\Projects\sample\public\contact\index.php:51
Stack trace:
#0 C:\Projects\sample\classes\Facade.php(168): Contact_Index_View->SendForm(Object(Facade), Array)
#1 C:\Projects\sample\classes\Facade.php(196): FacadeView->ProcessRequestAction(Object(Facade), Array, 'Render')
#2 C:\Projects\sample\classes\Facade.php(119): FacadeView->Execute(Object(Facade), Array)
#3 C:\Projects\sample\classes\Facade.php(24): Facade->doExecute('contact', Array, 'Execute')
#4 C:\Projects\sample\classes\Facade.php(16): Facade::Execute('contact', Array, 'C:\\Projects\\sam...', 'http://localhos...')
#5 C:\Projects\sample\index.php(10): Facade::Run('contact', Array, 'C:\\Projects\\sam...', 'http://localhos...')
#6 {main}
  thrown in /public/contact/index.php on line 51. in C:\Projects\sample\core.php:85
Stack trace:
#0 C:\Projects\sample\core.php(100): gErrorHandler(1, 'Uncaught Error:...', '/public/contact...', 51)
#1 [internal function]: gEr in C:\Projects\sample\core.php on line 85" while reading response header from upstr
2022/10/12 15:50:39 [error] 10392#7712: *113 FastCGI sent in stderr: "PHP Fatal error:  Uncaught Error: Call to a member function query() on null in C:\Projects\sample\public\contact\index.php:51
Stack trace:
#0 C:\Projects\sample\classes\Facade.php(168): Contact_Index_View->SendForm(Object(Facade), Array)
#1 C:\Projects\sample\classes\Facade.php(196): FacadeView->ProcessRequestAction(Object(Facade), Array, 'Render')
#2 C:\Projects\sample\classes\Facade.php(119): FacadeView->Execute(Object(Facade), Array)
#3 C:\Projects\sample\classes\Facade.php(24): Facade->doExecute('contact', Array, 'Execute')
#4 C:\Projects\sample\classes\Facade.php(16): Facade::Execute('contact', Array, 'C:\\Projects\\sam...', 'http://localhos...')
#5 C:\Projects\sample\index.php(10): Facade::Run('contact', Array, 'C:\\Projects\\sam...', 'http://localhos...')
#6 {main}
  thrown in C:\Projects\sample\public\contact\index.php on line 51
PHP Fatal error:  Uncaught Exception: Fatal error: Uncaught Error: Call to a member function query() on null in C:\Projects\sample\public\contact\index.php:51
Stack trace:
#0 C:\Projects\sample\classes\Facade.php(168): Contact_Index_View->SendForm(Object(Facade), Array)
#1 C:\Projects\sample\classes\Facade.php(196): FacadeView->ProcessRequestAction(Object(Facade), Array, 'Render')
#2 C:\Projects\sample\classes\Facade.php(119): FacadeView->Execute(Object(Facade), Array)
#3 C:\Projects\sample\classes\Facade.php(24): Facade->doExecute('contact', Array, 'Execute')
#4 C:\Projects\sample\classes\Facade.php(16): Facade::Execute('contact', Array, 'C:\\Projects\\sam...', 'http://localhos...')
#5 C:\Projects\sample\index.php(10): Facade::Run('contact', Array, 'C:\\Projects\\sam...', 'http://localhos...')
#6 {main}
  thrown in /public/contact/index.php on line 51. in C:\Projects\sample\core.php:85
Stack trace:
#0 C:\Projects\sample\core.php(100): gErrorHandler(1, 'Uncaught Error:...', '/public/contact...', 51)
#1 [internal function]: gEr in C:\Projects\sample\core.php on line 85" while reading response header from upstr
2022/10/12 15:51:30 [error] 10392#7712: *113 FastCGI sent in stderr: "PHP Fatal error:  Uncaught Error: Call to a member function query() on null in C:\Projects\sample\public\contact\index.php:51
Stack trace:
#0 C:\Projects\sample\classes\Facade.php(168): Contact_Index_View->SendForm(Object(Facade), Array)
#1 C:\Projects\sample\classes\Facade.php(196): FacadeView->ProcessRequestAction(Object(Facade), Array, 'Render')
#2 C:\Projects\sample\classes\Facade.php(119): FacadeView->Execute(Object(Facade), Array)
#3 C:\Projects\sample\classes\Facade.php(24): Facade->doExecute('contact', Array, 'Execute')
#4 C:\Projects\sample\classes\Facade.php(16): Facade::Execute('contact', Array, 'C:\\Projects\\sam...', 'http://localhos...')
#5 C:\Projects\sample\index.php(10): Facade::Run('contact', Array, 'C:\\Projects\\sam...', 'http://localhos...')
#6 {main}
  thrown in C:\Projects\sample\public\contact\index.php on line 51
PHP Fatal error:  Uncaught Exception: Fatal error: Uncaught Error: Call to a member function query() on null in C:\Projects\sample\public\contact\index.php:51
Stack trace:
#0 C:\Projects\sample\classes\Facade.php(168): Contact_Index_View->SendForm(Object(Facade), Array)
#1 C:\Projects\sample\classes\Facade.php(196): FacadeView->ProcessRequestAction(Object(Facade), Array, 'Render')
#2 C:\Projects\sample\classes\Facade.php(119): FacadeView->Execute(Object(Facade), Array)
#3 C:\Projects\sample\classes\Facade.php(24): Facade->doExecute('contact', Array, 'Execute')
#4 C:\Projects\sample\classes\Facade.php(16): Facade::Execute('contact', Array, 'C:\\Projects\\sam...', 'http://localhos...')
#5 C:\Projects\sample\index.php(10): Facade::Run('contact', Array, 'C:\\Projects\\sam...', 'http://localhos...')
#6 {main}
  thrown in /public/contact/index.php on line 51. in C:\Projects\sample\core.php:85
Stack trace:
#0 C:\Projects\sample\core.php(100): gErrorHandler(1, 'Uncaught Error:...', '/public/contact...', 51)
#1 [internal function]: gEr in C:\Projects\sample\core.php on line 85" while reading response header from upstr
2022/10/12 15:52:30 [error] 10392#7712: *113 FastCGI sent in stderr: "PHP Fatal error:  Uncaught Error: Call to a member function query() on null in C:\Projects\sample\public\contact\index.php:51
Stack trace:
#0 C:\Projects\sample\classes\Facade.php(168): Contact_Index_View->SendForm(Object(Facade), Array)
#1 C:\Projects\sample\classes\Facade.php(196): FacadeView->ProcessRequestAction(Object(Facade), Array, 'Render')
#2 C:\Projects\sample\classes\Facade.php(119): FacadeView->Execute(Object(Facade), Array)
#3 C:\Projects\sample\classes\Facade.php(24): Facade->doExecute('contact', Array, 'Execute')
#4 C:\Projects\sample\classes\Facade.php(16): Facade::Execute('contact', Array, 'C:\\Projects\\sam...', 'http://localhos...')
#5 C:\Projects\sample\index.php(10): Facade::Run('contact', Array, 'C:\\Projects\\sam...', 'http://localhos...')
#6 {main}
  thrown in C:\Projects\sample\public\contact\index.php on line 51
PHP Fatal error:  Uncaught Exception: Fatal error: Uncaught Error: Call to a member function query() on null in C:\Projects\sample\public\contact\index.php:51
Stack trace:
#0 C:\Projects\sample\classes\Facade.php(168): Contact_Index_View->SendForm(Object(Facade), Array)
#1 C:\Projects\sample\classes\Facade.php(196): FacadeView->ProcessRequestAction(Object(Facade), Array, 'Render')
#2 C:\Projects\sample\classes\Facade.php(119): FacadeView->Execute(Object(Facade), Array)
#3 C:\Projects\sample\classes\Facade.php(24): Facade->doExecute('contact', Array, 'Execute')
#4 C:\Projects\sample\classes\Facade.php(16): Facade::Execute('contact', Array, 'C:\\Projects\\sam...', 'http://localhos...')
#5 C:\Projects\sample\index.php(10): Facade::Run('contact', Array, 'C:\\Projects\\sam...', 'http://localhos...')
#6 {main}
  thrown in /public/contact/index.php on line 51. in C:\Projects\sample\core.php:85
Stack trace:
#0 C:\Projects\sample\core.php(100): gErrorHandler(1, 'Uncaught Error:...', '/public/contact...', 51)
#1 [internal function]: gEr in C:\Projects\sample\core.php on line 85" while reading response header from upstr
2022/10/12 15:58:08 [error] 10392#7712: *191 FastCGI sent in stderr: "PHP Parse error:  syntax error, unexpected '}', expecting ';' or ',' in C:\Projects\sample\public\postcontact\index.php on line 9" while reading response header from upstream, client: 127.0.0.1, server: localhost, request: "GET /postcontact/index HTTP/1.1", upstream: "fastcgi://127.0.0.1:9123", host: "localhost:3003", referrer: "http://localhost:3003/contact"
2022/10/12 15:58:34 [error] 10392#7712: *191 FastCGI sent in stderr: "PHP Fatal error:  Uncaught Error: Call to a member function query() on null in C:\Projects\sample\public\contact\index.php:51
Stack trace:
#0 C:\Projects\sample\classes\Facade.php(168): Contact_Index_View->SendForm(Object(Facade), Array)
#1 C:\Projects\sample\classes\Facade.php(196): FacadeView->ProcessRequestAction(Object(Facade), Array, 'Render')
#2 C:\Projects\sample\classes\Facade.php(119): FacadeView->Execute(Object(Facade), Array)
#3 C:\Projects\sample\classes\Facade.php(24): Facade->doExecute('contact', Array, 'Execute')
#4 C:\Projects\sample\classes\Facade.php(16): Facade::Execute('contact', Array, 'C:\\Projects\\sam...', 'http://localhos...')
#5 C:\Projects\sample\index.php(10): Facade::Run('contact', Array, 'C:\\Projects\\sam...', 'http://localhos...')
#6 {main}
  thrown in C:\Projects\sample\public\contact\index.php on line 51
PHP Fatal error:  Uncaught Exception: Fatal error: Uncaught Error: Call to a member function query() on null in C:\Projects\sample\public\contact\index.php:51
Stack trace:
#0 C:\Projects\sample\classes\Facade.php(168): Contact_Index_View->SendForm(Object(Facade), Array)
#1 C:\Projects\sample\classes\Facade.php(196): FacadeView->ProcessRequestAction(Object(Facade), Array, 'Render')
#2 C:\Projects\sample\classes\Facade.php(119): FacadeView->Execute(Object(Facade), Array)
#3 C:\Projects\sample\classes\Facade.php(24): Facade->doExecute('contact', Array, 'Execute')
#4 C:\Projects\sample\classes\Facade.php(16): Facade::Execute('contact', Array, 'C:\\Projects\\sam...', 'http://localhos...')
#5 C:\Projects\sample\index.php(10): Facade::Run('contact', Array, 'C:\\Projects\\sam...', 'http://localhos...')
#6 {main}
  thrown in /public/contact/index.php on line 51. in C:\Projects\sample\core.php:85
Stack trace:
#0 C:\Projects\sample\core.php(100): gErrorHandler(1, 'Uncaught Error:...', '/public/contact...', 51)
#1 [internal function]: gEr in C:\Projects\sample\core.php on line 85" while reading response header from upstr
2022/10/12 16:02:02 [error] 10392#7712: *230 FastCGI sent in stderr: "PHP Fatal error:  Uncaught Error: Call to a member function query() on null in C:\Projects\sample\public\contact\index.php:51
Stack trace:
#0 C:\Projects\sample\classes\Facade.php(168): Contact_Index_View->SendForm(Object(Facade), Array)
#1 C:\Projects\sample\classes\Facade.php(196): FacadeView->ProcessRequestAction(Object(Facade), Array, 'Render')
#2 C:\Projects\sample\classes\Facade.php(119): FacadeView->Execute(Object(Facade), Array)
#3 C:\Projects\sample\classes\Facade.php(24): Facade->doExecute('contact', Array, 'Execute')
#4 C:\Projects\sample\classes\Facade.php(16): Facade::Execute('contact', Array, 'C:\\Projects\\sam...', 'http://localhos...')
#5 C:\Projects\sample\index.php(10): Facade::Run('contact', Array, 'C:\\Projects\\sam...', 'http://localhos...')
#6 {main}
  thrown in C:\Projects\sample\public\contact\index.php on line 51
PHP Fatal error:  Uncaught Exception: Fatal error: Uncaught Error: Call to a member function query() on null in C:\Projects\sample\public\contact\index.php:51
Stack trace:
#0 C:\Projects\sample\classes\Facade.php(168): Contact_Index_View->SendForm(Object(Facade), Array)
#1 C:\Projects\sample\classes\Facade.php(196): FacadeView->ProcessRequestAction(Object(Facade), Array, 'Render')
#2 C:\Projects\sample\classes\Facade.php(119): FacadeView->Execute(Object(Facade), Array)
#3 C:\Projects\sample\classes\Facade.php(24): Facade->doExecute('contact', Array, 'Execute')
#4 C:\Projects\sample\classes\Facade.php(16): Facade::Execute('contact', Array, 'C:\\Projects\\sam...', 'http://localhos...')
#5 C:\Projects\sample\index.php(10): Facade::Run('contact', Array, 'C:\\Projects\\sam...', 'http://localhos...')
#6 {main}
  thrown in /public/contact/index.php on line 51. in C:\Projects\sample\core.php:85
Stack trace:
#0 C:\Projects\sample\core.php(100): gErrorHandler(1, 'Uncaught Error:...', '/public/contact...', 51)
#1 [internal function]: gEr in C:\Projects\sample\core.php on line 85" while reading response header from upstr
2022/10/12 16:51:44 [error] 10392#7712: *632 FastCGI sent in stderr: "PHP Parse error:  syntax error, unexpected end of file, expecting function (T_FUNCTION) or const (T_CONST) in C:\Projects\sample\public\contact\index.php on line 60" while reading response header from upstream, client: 127.0.0.1, server: localhost, request: "GET /contact HTTP/1.1", upstream: "fastcgi://127.0.0.1:9123", host: "localhost:3003", referrer: "http://localhost:3003/"
2022/10/13 15:22:30 [error] 16052#17916: *1 connect() failed (10061: No connection could be made because the target machine actively refused it) while connecting to upstream, client: 127.0.0.1, server: localhost, request: "GET /postcontact/index HTTP/1.1", upstream: "fastcgi://127.0.0.1:9123", host: "localhost:3003"
2022/10/13 15:22:32 [error] 16052#17916: *1 connect() failed (10061: No connection could be made because the target machine actively refused it) while connecting to upstream, client: 127.0.0.1, server: localhost, request: "GET /favicon.ico HTTP/1.1", upstream: "fastcgi://127.0.0.1:9123", host: "localhost:3003", referrer: "http://localhost:3003/postcontact/index"
2022/10/13 15:22:38 [error] 16052#17916: *1 connect() failed (10061: No connection could be made because the target machine actively refused it) while connecting to upstream, client: 127.0.0.1, server: localhost, request: "GET / HTTP/1.1", upstream: "fastcgi://127.0.0.1:9123", host: "localhost:3003"
2022/10/13 15:22:40 [error] 16052#17916: *1 connect() failed (10061: No connection could be made because the target machine actively refused it) while connecting to upstream, client: 127.0.0.1, server: localhost, request: "GET /favicon.ico HTTP/1.1", upstream: "fastcgi://127.0.0.1:9123", host: "localhost:3003", referrer: "http://localhost:3003/"
